#
# A fatal error has been detected by the Java Runtime Environment:
#
#  SIGSEGV (0xb) at pc=0x00007f53990690ba, pid=5292, tid=139996492977920
#
# JRE version: Java(TM) SE Runtime Environment (8.0_25-b17) (build 1.8.0_25-b17)
# Java VM: Java HotSpot(TM) 64-Bit Server VM (25.25-b02 mixed mode linux-amd64 compressed oops)
# Problematic frame:
# v  ~BufferBlob::jni_fast_GetLongField
#
# Failed to write core dump. Core dumps have been disabled. To enable core dumping, try "ulimit -c unlimited" before starting Java again
#
# If you would like to submit a bug report, please visit:
#   http://bugreport.sun.com/bugreport/crash.jsp
# The crash happened outside the Java Virtual Machine in native code.
# See problematic frame for where to report the bug.
#

---------------  T H R E A D  ---------------

Current thread (0x00007f53a838d800):  JavaThread "AWT-XAWT" daemon [_thread_in_native, id=5313, stack(0x00007f53792bd000,0x00007f53793be000)]

siginfo: si_signo: 11 (SIGSEGV), si_code: 1 (SEGV_MAPERR), si_addr: 0x0000000000000000

Registers:
RAX=0x00007f53b0304340, RBX=0x00007f53a838d9e8, RCX=0x00007f53b0d5e320, RDX=0x0000000000000042
RSP=0x00007f53793bc6f8, RBP=0x00007f53793bc720, RSI=0x0000000000000000, RDI=0x00007f53a838d9e8
R8 =0x000000008379f6a8, R9 =0x0000000000000000, R10=0x00000000000000c6, R11=0x00007f5399745d18
R12=0x00007f5348397e20, R13=0x0000000000000000, R14=0x00007f537b1467c0, R15=0x00007f53a838d800
RIP=0x00007f53990690ba, EFLAGS=0x0000000000010246, CSGSFS=0x0000000000000033, ERR=0x0000000000000004
  TRAPNO=0x000000000000000e

Top of Stack: (sp=0x00007f53793bc6f8)
0x00007f53793bc6f8:   00007f537af250a1 00007f53ac9f47c8
0x00007f53793bc708:   00007f5348397e20 00007f53793bc7d0
0x00007f53793bc718:   00007f53793bc7a0 0000000000000000
0x00007f53793bc728:   00007f537aa08ae8 00007f53ac9f47c8
0x00007f53793bc738:   00007f53793bc760 0000000000000000
0x00007f53793bc748:   00007f537aa009a3 00007f53793bc7d0
0x00007f53793bc758:   00007f537af1e39f 00007f53793bc7b0
0x00007f53793bc768:   00007f5399745db6 0000000000000000
0x00007f53793bc778:   00007f53994116b6 00007f53793bc7d0
0x00007f53793bc788:   00007f5399110f6c 00007f53793bc830
0x00007f53793bc798:   0000000083689f10 00000000834129f8
0x00007f53793bc7a8:   0000000000000019 00007f53793bc830
0x00007f53793bc7b8:   00007f5399007160 00007f53793bc830
0x00007f53793bc7c8:   00007f5399007160 0000000000000000
0x00007f53793bc7d8:   00007f53990074a0 00007f5350000e30
0x00007f53793bc7e8:   00000000836899a0 00007f53793bc7f0
0x00007f53793bc7f8:   00007f53ac9bed24 00007f53793bc878
0x00007f53793bc808:   00007f53ac9d6c38 0000000000000000
0x00007f53793bc818:   00007f53ac9bee58 00007f53793bc7d0
0x00007f53793bc828:   00007f53793bc870 00007f53793bc8c0
0x00007f53793bc838:   00007f539900798d 0000000000000000
0x00007f53793bc848:   00000000d6d27570 0000000000000000
0x00007f53793bc858:   0000000000000000 0000000000000000
0x00007f53793bc868:   00000000836899a0 0000000000000000
0x00007f53793bc878:   0000000083438ef0 00007f53793bc880
0x00007f53793bc888:   00007f53ac9beb65 00007f53793bc8d0
0x00007f53793bc898:   00007f53ac9d6c38 0000000000000000
0x00007f53793bc8a8:   00007f53ac9beb70 00007f53793bc870
0x00007f53793bc8b8:   00007f53793bc8d0 00007f53793bc918
0x00007f53793bc8c8:   00007f53990079d2 0000000083438ef0
0x00007f53793bc8d8:   00007f53793bc8d8 00007f53ac64248b
0x00007f53793bc8e8:   00007f53793bc928 00007f53ac6b5370 

Instructions: (pc=0x00007f53990690ba)
0x00007f539906909a:   00 00 00 00 00 00 44 8b 15 41 27 2d 17 4c 8b ce
0x00007f53990690aa:   41 f6 c2 01 0f 85 2e 00 00 00 4d 33 ca 4d 33 ca
0x00007f53990690ba:   4d 8b 09 4c 8b da 49 c1 eb 02 4b 8b 04 19 49 bb
0x00007f53990690ca:   e8 b7 33 b0 53 7f 00 00 4c 33 d8 4c 33 d8 45 3b 

Register to memory mapping:

RAX=0x00007f53b0304340: <offset 0xf23340> in /usr/local/java/jdk1.8.0_25/jre/lib/amd64/server/libjvm.so at 0x00007f53af3e1000
RBX=0x00007f53a838d9e8 is an unknown value
RCX=0x00007f53b0d5e320: <offset 0x219320> in /lib/x86_64-linux-gnu/libpthread.so.0 at 0x00007f53b0b45000
RDX=0x0000000000000042 is an unknown value
RSP=0x00007f53793bc6f8 is pointing into the stack for thread: 0x00007f53a838d800
RBP=0x00007f53793bc720 is pointing into the stack for thread: 0x00007f53a838d800
RSI=0x0000000000000000 is an unknown value
RDI=0x00007f53a838d9e8 is an unknown value
R8 =0x000000008379f6a8 is an oop
java.util.logging.Logger 
 - klass: 'java/util/logging/Logger'
R9 =0x0000000000000000 is an unknown value
R10=0x00000000000000c6 is an unknown value
R11=0x00007f5399745d18 is at entry_point+24 in (nmethod*)0x00007f5399745b90
R12=0x00007f5348397e20 is an unknown value
R13=0x0000000000000000 is an unknown value
R14=0x00007f537b1467c0: <offset 0x2587c0> in /usr/local/java/jdk1.8.0_25/jre/lib/amd64/libawt_xawt.so at 0x00007f537aeee000
R15=0x00007f53a838d800 is a thread


Stack: [0x00007f53792bd000,0x00007f53793be000],  sp=0x00007f53793bc6f8,  free space=1021k
Native frames: (J=compiled Java code, j=interpreted, Vv=VM code, C=native code)
v  ~BufferBlob::jni_fast_GetLongField
C  [libX11.so.6+0x61ae8]  _XimServerDestroy+0x58

Java frames: (J=compiled Java code, j=interpreted, Vv=VM code)
J 2402  sun.awt.X11.XlibWrapper.XFilterEvent(JJ)Z (0 bytes) @ 0x00007f5399745d44 [0x00007f5399745d00+0x44]
j  sun.awt.X11.XToolkit.run(Z)V+300
j  sun.awt.X11.XToolkit.run()V+5
j  java.lang.Thread.run()V+11
v  ~StubRoutines::call_stub

---------------  P R O C E S S  ---------------

Java Threads: ( => current thread )
  0x00007f534833b000 JavaThread "SwingWorker-pool-3-thread-10" daemon [_thread_blocked, id=5331, stack(0x00007f5336225000,0x00007f5336326000)]
  0x00007f5348339000 JavaThread "SwingWorker-pool-3-thread-9" daemon [_thread_blocked, id=5330, stack(0x00007f5336342000,0x00007f5336443000)]
  0x00007f5348337800 JavaThread "SwingWorker-pool-3-thread-8" daemon [_thread_blocked, id=5328, stack(0x00007f5336544000,0x00007f5336645000)]
  0x00007f5348335800 JavaThread "SwingWorker-pool-3-thread-7" daemon [_thread_in_native, id=5327, stack(0x00007f5336645000,0x00007f5336746000)]
  0x00007f5348333800 JavaThread "SwingWorker-pool-3-thread-6" daemon [_thread_blocked, id=5326, stack(0x00007f5336746000,0x00007f5336847000)]
  0x00007f5348332000 JavaThread "SwingWorker-pool-3-thread-5" daemon [_thread_blocked, id=5325, stack(0x00007f5336847000,0x00007f5336948000)]
  0x00007f5348330000 JavaThread "SwingWorker-pool-3-thread-4" daemon [_thread_blocked, id=5324, stack(0x00007f5336948000,0x00007f5336a49000)]
  0x00007f534832c800 JavaThread "SwingWorker-pool-3-thread-3" daemon [_thread_blocked, id=5323, stack(0x00007f5336c77000,0x00007f5336d78000)]
  0x00007f534832b800 JavaThread "SwingWorker-pool-3-thread-2" daemon [_thread_blocked, id=5322, stack(0x00007f5336d78000,0x00007f5336e79000)]
  0x00007f53482e4800 JavaThread "pool-4-thread-1" [_thread_blocked, id=5321, stack(0x00007f5378069000,0x00007f537816a000)]
  0x00007f534805f000 JavaThread "Timer-0" daemon [_thread_blocked, id=5320, stack(0x00007f537816a000,0x00007f537826b000)]
  0x00007f5344001800 JavaThread "TimerQueue" daemon [_thread_blocked, id=5319, stack(0x00007f5378cb7000,0x00007f5378db8000)]
  0x00007f534c001800 JavaThread "SwingWorker-pool-3-thread-1" daemon [_thread_blocked, id=5318, stack(0x00007f5378db8000,0x00007f5378eb9000)]
  0x00007f534804a800 JavaThread "pool-2-thread-1" [_thread_blocked, id=5317, stack(0x00007f5378eb9000,0x00007f5378fba000)]
  0x00007f5348049000 JavaThread "pool-1-thread-1" [_thread_blocked, id=5316, stack(0x00007f5378fba000,0x00007f53790bb000)]
  0x00007f53a800b000 JavaThread "DestroyJavaVM" [_thread_blocked, id=5298, stack(0x00007f53b0e66000,0x00007f53b0f67000)]
  0x00007f53a8393000 JavaThread "AWT-EventQueue-0" [_thread_blocked, id=5315, stack(0x00007f53790bb000,0x00007f53791bc000)]
  0x00007f53a8391800 JavaThread "AWT-Shutdown" [_thread_blocked, id=5314, stack(0x00007f53791bc000,0x00007f53792bd000)]
=>0x00007f53a838d800 JavaThread "AWT-XAWT" daemon [_thread_in_native, id=5313, stack(0x00007f53792bd000,0x00007f53793be000)]
  0x00007f53a8370800 JavaThread "Java2D Disposer" daemon [_thread_blocked, id=5312, stack(0x00007f53797ce000,0x00007f53798cf000)]
  0x00007f53a80c9800 JavaThread "Service Thread" daemon [_thread_blocked, id=5310, stack(0x00007f537b51a000,0x00007f537b61b000)]
  0x00007f53a80b1800 JavaThread "C1 CompilerThread2" daemon [_thread_blocked, id=5309, stack(0x00007f537b61b000,0x00007f537b71c000)]
  0x00007f53a80b0000 JavaThread "C2 CompilerThread1" daemon [_thread_blocked, id=5308, stack(0x00007f537b71c000,0x00007f537b81d000)]
  0x00007f53a80ad000 JavaThread "C2 CompilerThread0" daemon [_thread_blocked, id=5307, stack(0x00007f537b81d000,0x00007f537b91e000)]
  0x00007f53a80ab000 JavaThread "Signal Dispatcher" daemon [_thread_blocked, id=5306, stack(0x00007f539009f000,0x00007f53901a0000)]
  0x00007f53a807d800 JavaThread "Finalizer" daemon [_thread_blocked, id=5305, stack(0x00007f53980d0000,0x00007f53981d1000)]
  0x00007f53a807b800 JavaThread "Reference Handler" daemon [_thread_blocked, id=5304, stack(0x00007f53981d1000,0x00007f53982d2000)]

Other Threads:
  0x00007f53a8074000 VMThread [stack: 0x00007f53982d2000,0x00007f53983d3000] [id=5303]
  0x00007f53a80cc000 WatcherThread [stack: 0x00007f537b419000,0x00007f537b51a000] [id=5311]

VM state:not at safepoint (normal execution)

VM Mutex/Monitor currently owned by a thread: None

Heap:
 PSYoungGen      total 70656K, used 29257K [0x00000000d6700000, 0x00000000df100000, 0x0000000100000000)
  eden space 65536K, 44% used [0x00000000d6700000,0x00000000d8392678,0x00000000da700000)
  from space 5120K, 0% used [0x00000000da700000,0x00000000da700000,0x00000000dac00000)
  to   space 5120K, 0% used [0x00000000dec00000,0x00000000dec00000,0x00000000df100000)
 ParOldGen       total 53760K, used 5258K [0x0000000083400000, 0x0000000086880000, 0x00000000d6700000)
  object space 53760K, 9% used [0x0000000083400000,0x0000000083922b00,0x0000000086880000)
 Metaspace       used 23454K, capacity 23712K, committed 24064K, reserved 1071104K
  class space    used 2907K, capacity 2966K, committed 3072K, reserved 1048576K

Card table byte_map: [0x00007f53ad89a000,0x00007f53adc81000] byte_map_base: 0x00007f53ad480000

Marking Bits: (ParMarkBitMap*) 0x00007f53b033b2c0
 Begin Bits: [0x00007f53901a0000, 0x00007f53920d0000)
 End Bits:   [0x00007f53920d0000, 0x00007f5394000000)

Polling page: 0x00007f53b0f82000

CodeCache: size=245760Kb used=7970Kb max_used=8564Kb free=237789Kb
 bounds [0x00007f5399000000, 0x00007f5399880000, 0x00007f53a8000000]
 total_blobs=3239 nmethods=2584 adapters=569
 compilation: enabled

Compilation events (10 events):
Event: 27813.450 Thread 0x00007f53a80ad000 2883       4       javax.swing.Timer::post (36 bytes)
Event: 27813.454 Thread 0x00007f53a80ad000 nmethod 2883 0x00007f539916dd10 code [0x00007f539916de80, 0x00007f539916dfe8]
Event: 28013.468 Thread 0x00007f53a80b1800 2884       3       org.apache.commons.net.ntp.NtpUtils::getReferenceClock (84 bytes)
Event: 28013.470 Thread 0x00007f53a80b1800 nmethod 2884 0x00007f539921db10 code [0x00007f539921dd60, 0x00007f539921ea68]
Event: 28143.417 Thread 0x00007f53a80ad000 2885       4       java.net.DatagramSocket::checkAddress (47 bytes)
Event: 28143.418 Thread 0x00007f53a80ad000 nmethod 2885 0x00007f5399597990 code [0x00007f5399597ae0, 0x00007f5399597b78]
Event: 28293.417 Thread 0x00007f53a80b0000 2886       4       java.net.InetAddress::getAllByName (387 bytes)
Event: 28293.486 Thread 0x00007f53a80b0000 nmethod 2886 0x00007f53991a49d0 code [0x00007f53991a4e60, 0x00007f53991a7ee0]
Event: 28463.450 Thread 0x00007f53a80b0000 2887       4       javax.swing.Timer$1::run (5 bytes)
Event: 28463.460 Thread 0x00007f53a80b0000 nmethod 2887 0x00007f53994e8050 code [0x00007f53994e8280, 0x00007f53994e8b20]

GC Heap History (8 events):
Event: 0.603 GC heap before
{Heap before GC invocations=1 (full 0):
 PSYoungGen      total 37888K, used 32768K [0x00000000d6700000, 0x00000000d9100000, 0x0000000100000000)
  eden space 32768K, 100% used [0x00000000d6700000,0x00000000d8700000,0x00000000d8700000)
  from space 5120K, 0% used [0x00000000d8c00000,0x00000000d8c00000,0x00000000d9100000)
  to   space 5120K, 0% used [0x00000000d8700000,0x00000000d8700000,0x00000000d8c00000)
 ParOldGen       total 86016K, used 0K [0x0000000083400000, 0x0000000088800000, 0x00000000d6700000)
  object space 86016K, 0% used [0x0000000083400000,0x0000000083400000,0x0000000088800000)
 Metaspace       used 11771K, capacity 11854K, committed 11904K, reserved 1060864K
  class space    used 1370K, capacity 1405K, committed 1408K, reserved 1048576K
Event: 0.618 GC heap after
Heap after GC invocations=1 (full 0):
 PSYoungGen      total 37888K, used 2462K [0x00000000d6700000, 0x00000000db100000, 0x0000000100000000)
  eden space 32768K, 0% used [0x00000000d6700000,0x00000000d6700000,0x00000000d8700000)
  from space 5120K, 48% used [0x00000000d8700000,0x00000000d89678e0,0x00000000d8c00000)
  to   space 5120K, 0% used [0x00000000dac00000,0x00000000dac00000,0x00000000db100000)
 ParOldGen       total 86016K, used 72K [0x0000000083400000, 0x0000000088800000, 0x00000000d6700000)
  object space 86016K, 0% used [0x0000000083400000,0x0000000083412010,0x0000000088800000)
 Metaspace       used 11771K, capacity 11854K, committed 11904K, reserved 1060864K
  class space    used 1370K, capacity 1405K, committed 1408K, reserved 1048576K
}
Event: 1.736 GC heap before
{Heap before GC invocations=2 (full 0):
 PSYoungGen      total 37888K, used 35230K [0x00000000d6700000, 0x00000000db100000, 0x0000000100000000)
  eden space 32768K, 100% used [0x00000000d6700000,0x00000000d8700000,0x00000000d8700000)
  from space 5120K, 48% used [0x00000000d8700000,0x00000000d89678e0,0x00000000d8c00000)
  to   space 5120K, 0% used [0x00000000dac00000,0x00000000dac00000,0x00000000db100000)
 ParOldGen       total 86016K, used 72K [0x0000000083400000, 0x0000000088800000, 0x00000000d6700000)
  object space 86016K, 0% used [0x0000000083400000,0x0000000083412010,0x0000000088800000)
 Metaspace       used 20719K, capacity 20962K, committed 21296K, reserved 1069056K
  class space    used 2538K, capacity 2583K, committed 2688K, reserved 1048576K
Event: 1.745 GC heap after
Heap after GC invocations=2 (full 0):
 PSYoungGen      total 70656K, used 5109K [0x00000000d6700000, 0x00000000db100000, 0x0000000100000000)
  eden space 65536K, 0% used [0x00000000d6700000,0x00000000d6700000,0x00000000da700000)
  from space 5120K, 99% used [0x00000000dac00000,0x00000000db0fd528,0x00000000db100000)
  to   space 5120K, 0% used [0x00000000da700000,0x00000000da700000,0x00000000dac00000)
 ParOldGen       total 86016K, used 1276K [0x0000000083400000, 0x0000000088800000, 0x00000000d6700000)
  object space 86016K, 1% used [0x0000000083400000,0x000000008353f060,0x0000000088800000)
 Metaspace       used 20719K, capacity 20962K, committed 21296K, reserved 1069056K
  class space    used 2538K, capacity 2583K, committed 2688K, reserved 1048576K
}
Event: 1.809 GC heap before
{Heap before GC invocations=3 (full 0):
 PSYoungGen      total 70656K, used 11625K [0x00000000d6700000, 0x00000000db100000, 0x0000000100000000)
  eden space 65536K, 9% used [0x00000000d6700000,0x00000000d6d5cf58,0x00000000da700000)
  from space 5120K, 99% used [0x00000000dac00000,0x00000000db0fd528,0x00000000db100000)
  to   space 5120K, 0% used [0x00000000da700000,0x00000000da700000,0x00000000dac00000)
 ParOldGen       total 86016K, used 1276K [0x0000000083400000, 0x0000000088800000, 0x00000000d6700000)
  object space 86016K, 1% used [0x0000000083400000,0x000000008353f060,0x0000000088800000)
 Metaspace       used 20844K, capacity 21026K, committed 21296K, reserved 1069056K
  class space    used 2547K, capacity 2583K, committed 2688K, reserved 1048576K
Event: 1.817 GC heap after
Heap after GC invocations=3 (full 0):
 PSYoungGen      total 70656K, used 5090K [0x00000000d6700000, 0x00000000df100000, 0x0000000100000000)
  eden space 65536K, 0% used [0x00000000d6700000,0x00000000d6700000,0x00000000da700000)
  from space 5120K, 99% used [0x00000000da700000,0x00000000dabf8818,0x00000000dac00000)
  to   space 5120K, 0% used [0x00000000dec00000,0x00000000dec00000,0x00000000df100000)
 ParOldGen       total 86016K, used 1436K [0x0000000083400000, 0x0000000088800000, 0x00000000d6700000)
  object space 86016K, 1% used [0x0000000083400000,0x0000000083567060,0x0000000088800000)
 Metaspace       used 20844K, capacity 21026K, committed 21296K, reserved 1069056K
  class space    used 2547K, capacity 2583K, committed 2688K, reserved 1048576K
}
Event: 1.817 GC heap before
{Heap before GC invocations=4 (full 1):
 PSYoungGen      total 70656K, used 5090K [0x00000000d6700000, 0x00000000df100000, 0x0000000100000000)
  eden space 65536K, 0% used [0x00000000d6700000,0x00000000d6700000,0x00000000da700000)
  from space 5120K, 99% used [0x00000000da700000,0x00000000dabf8818,0x00000000dac00000)
  to   space 5120K, 0% used [0x00000000dec00000,0x00000000dec00000,0x00000000df100000)
 ParOldGen       total 86016K, used 1436K [0x0000000083400000, 0x0000000088800000, 0x00000000d6700000)
  object space 86016K, 1% used [0x0000000083400000,0x0000000083567060,0x0000000088800000)
 Metaspace       used 20844K, capacity 21026K, committed 21296K, reserved 1069056K
  class space    used 2547K, capacity 2583K, committed 2688K, reserved 1048576K
Event: 1.877 GC heap after
Heap after GC invocations=4 (full 1):
 PSYoungGen      total 70656K, used 0K [0x00000000d6700000, 0x00000000df100000, 0x0000000100000000)
  eden space 65536K, 0% used [0x00000000d6700000,0x00000000d6700000,0x00000000da700000)
  from space 5120K, 0% used [0x00000000da700000,0x00000000da700000,0x00000000dac00000)
  to   space 5120K, 0% used [0x00000000dec00000,0x00000000dec00000,0x00000000df100000)
 ParOldGen       total 53760K, used 5258K [0x0000000083400000, 0x0000000086880000, 0x00000000d6700000)
  object space 53760K, 9% used [0x0000000083400000,0x0000000083922b00,0x0000000086880000)
 Metaspace       used 20843K, capacity 21024K, committed 21296K, reserved 1069056K
  class space    used 2547K, capacity 2582K, committed 2688K, reserved 1048576K
}

Deoptimization events (10 events):
Event: 2.104 Thread 0x00007f534832b800 Uncommon trap: reason=bimorphic action=maybe_recompile pc=0x00007f539937e74c method=java.util.HashMap.putVal(ILjava/lang/Object;Ljava/lang/Object;ZZ)Ljava/lang/Object; @ 253
Event: 2.104 Thread 0x00007f534832b800 Uncommon trap: reason=bimorphic action=maybe_recompile pc=0x00007f539937e74c method=java.util.HashMap.putVal(ILjava/lang/Object;Ljava/lang/Object;ZZ)Ljava/lang/Object; @ 253
Event: 2.104 Thread 0x00007f534832b800 Uncommon trap: reason=bimorphic action=maybe_recompile pc=0x00007f539937e74c method=java.util.HashMap.putVal(ILjava/lang/Object;Ljava/lang/Object;ZZ)Ljava/lang/Object; @ 253
Event: 2.104 Thread 0x00007f534832b800 Uncommon trap: reason=bimorphic action=maybe_recompile pc=0x00007f539937e74c method=java.util.HashMap.putVal(ILjava/lang/Object;Ljava/lang/Object;ZZ)Ljava/lang/Object; @ 253
Event: 2.115 Thread 0x00007f5310001800 Uncommon trap: reason=unreached action=reinterpret pc=0x00007f539940636c method=java.util.Properties$LineReader.readLine()I @ 457
Event: 2.120 Thread 0x00007f53a8393000 Uncommon trap: reason=bimorphic action=maybe_recompile pc=0x00007f53992b4d6c method=javax.swing.UIDefaults.getFromHashtable(Ljava/lang/Object;)Ljava/lang/Object; @ 126
Event: 2.159 Thread 0x00007f53a8393000 Uncommon trap: reason=bimorphic action=maybe_recompile pc=0x00007f539966b258 method=java.util.Hashtable.put(Ljava/lang/Object;Ljava/lang/Object;)Ljava/lang/Object; @ 60
Event: 2.159 Thread 0x00007f53a8393000 Uncommon trap: reason=bimorphic action=maybe_recompile pc=0x00007f539966b258 method=java.util.Hashtable.put(Ljava/lang/Object;Ljava/lang/Object;)Ljava/lang/Object; @ 60
Event: 2.159 Thread 0x00007f53a8393000 Uncommon trap: reason=bimorphic action=maybe_recompile pc=0x00007f539966b258 method=java.util.Hashtable.put(Ljava/lang/Object;Ljava/lang/Object;)Ljava/lang/Object; @ 60
Event: 2.159 Thread 0x00007f53a8393000 Uncommon trap: reason=bimorphic action=maybe_recompile pc=0x00007f539966b258 method=java.util.Hashtable.put(Ljava/lang/Object;Ljava/lang/Object;)Ljava/lang/Object; @ 60

Internal exceptions (10 events):
Event: 26883.572 Thread 0x00007f5348339000 Exception <a 'java/net/UnknownHostException'> (0x00000000d7f47978) thrown at [/HUDSON/workspace/8-2-build-linux-amd64/jdk8u25/1514/hotspot/src/share/vm/prims/jni.cpp, line 742]
Event: 26893.543 Thread 0x00007f534832b800 Exception <a 'java/net/UnknownHostException'> (0x00000000d81ed148) thrown at [/HUDSON/workspace/8-2-build-linux-amd64/jdk8u25/1514/hotspot/src/share/vm/prims/jni.cpp, line 742]
Event: 26903.525 Thread 0x00007f5348332000 Exception <a 'java/net/UnknownHostException'> (0x00000000d7f88ce8) thrown at [/HUDSON/workspace/8-2-build-linux-amd64/jdk8u25/1514/hotspot/src/share/vm/prims/jni.cpp, line 742]
Event: 28073.426 Thread 0x00007f5348335800 Exception <a 'java/net/SocketTimeoutException': Receive timed out> (0x00000000d7f101f8) thrown at [/HUDSON/workspace/8-2-build-linux-amd64/jdk8u25/1514/hotspot/src/share/vm/prims/jni.cpp, line 742]
Event: 28193.420 Thread 0x00007f5348339000 Exception <a 'java/net/SocketTimeoutException': Receive timed out> (0x00000000d7f502d0) thrown at [/HUDSON/workspace/8-2-build-linux-amd64/jdk8u25/1514/hotspot/src/share/vm/prims/jni.cpp, line 742]
Event: 28493.420 Thread 0x00007f5348339000 Exception <a 'java/net/SocketTimeoutException': Receive timed out> (0x00000000d7f51fa0) thrown at [/HUDSON/workspace/8-2-build-linux-amd64/jdk8u25/1514/hotspot/src/share/vm/prims/jni.cpp, line 742]
Event: 28503.427 Thread 0x00007f534832b800 Exception <a 'java/net/SocketTimeoutException': Receive timed out> (0x00000000d81f98b0) thrown at [/HUDSON/workspace/8-2-build-linux-amd64/jdk8u25/1514/hotspot/src/share/vm/prims/jni.cpp, line 742]
Event: 28513.426 Thread 0x00007f5348332000 Exception <a 'java/net/SocketTimeoutException': Receive timed out> (0x00000000d7f936f8) thrown at [/HUDSON/workspace/8-2-build-linux-amd64/jdk8u25/1514/hotspot/src/share/vm/prims/jni.cpp, line 742]
Event: 28553.427 Thread 0x00007f534832c800 Exception <a 'java/net/SocketTimeoutException': Receive timed out> (0x00000000d8355c70) thrown at [/HUDSON/workspace/8-2-build-linux-amd64/jdk8u25/1514/hotspot/src/share/vm/prims/jni.cpp, line 742]
Event: 28563.455 Thread 0x00007f534c001800 Exception <a 'java/net/SocketTimeoutException': Receive timed out> (0x00000000d80144a8) thrown at [/HUDSON/workspace/8-2-build-linux-amd64/jdk8u25/1514/hotspot/src/share/vm/prims/jni.cpp, line 742]

Events (10 events):
Event: 24303.522 Thread 0x00007f53a80b0000 flushing nmethod 0x00007f539966a610
Event: 24303.522 Thread 0x00007f53a80b0000 flushing nmethod 0x00007f53996bff10
Event: 24873.464 Thread 0x00007f53a80ad000 flushing nmethod 0x00007f53996fb8d0
Event: 24873.464 Thread 0x00007f53a80ad000 flushing nmethod 0x00007f5399702190
Event: 24873.464 Thread 0x00007f53a80ad000 flushing nmethod 0x00007f539970da50
Event: 24873.464 Thread 0x00007f53a80ad000 flushing nmethod 0x00007f539971cf90
Event: 24873.465 Thread 0x00007f53a80ad000 flushing nmethod 0x00007f5399752bd0
Event: 24873.465 Thread 0x00007f53a80ad000 flushing nmethod 0x00007f5399766010
Event: 28565.219 loading class sun/awt/X11/XDestroyWindowEvent
Event: 28565.225 loading class sun/awt/X11/XDestroyWindowEvent done


Dynamic libraries:
00400000-00401000 r-xp 00000000 fc:01 4464021                            /usr/local/java/jdk1.8.0_25/bin/java
00600000-00601000 rw-p 00000000 fc:01 4464021                            /usr/local/java/jdk1.8.0_25/bin/java
00ca7000-00cc8000 rw-p 00000000 00:00 0                                  [heap]
83400000-86880000 rw-p 00000000 00:00 0 
86880000-d6700000 ---p 00000000 00:00 0 
d6700000-df100000 rw-p 00000000 00:00 0 
df100000-100000000 ---p 00000000 00:00 0 
100000000-100300000 rw-p 00000000 00:00 0 
100300000-140000000 ---p 00000000 00:00 0 
7f5310000000-7f5310021000 rw-p 00000000 00:00 0 
7f5310021000-7f5314000000 ---p 00000000 00:00 0 
7f5318000000-7f5318021000 rw-p 00000000 00:00 0 
7f5318021000-7f531c000000 ---p 00000000 00:00 0 
7f531c000000-7f531c021000 rw-p 00000000 00:00 0 
7f531c021000-7f5320000000 ---p 00000000 00:00 0 
7f5320000000-7f5320021000 rw-p 00000000 00:00 0 
7f5320021000-7f5324000000 ---p 00000000 00:00 0 
7f5324000000-7f5324021000 rw-p 00000000 00:00 0 
7f5324021000-7f5328000000 ---p 00000000 00:00 0 
7f5328000000-7f532811e000 rw-p 00000000 00:00 0 
7f532811e000-7f532c000000 ---p 00000000 00:00 0 
7f532c000000-7f532c04c000 rw-p 00000000 00:00 0 
7f532c04c000-7f5330000000 ---p 00000000 00:00 0 
7f5330000000-7f5330021000 rw-p 00000000 00:00 0 
7f5330021000-7f5334000000 ---p 00000000 00:00 0 
7f5335891000-7f5335911000 rw-p 00000000 00:00 0 
7f5335911000-7f5335a91000 ---p 00000000 00:00 0 
7f5335a91000-7f5335ae3000 r-xp 00000000 fc:01 4463934                    /usr/local/java/jdk1.8.0_25/jre/lib/amd64/liblcms.so
7f5335ae3000-7f5335ce2000 ---p 00052000 fc:01 4463934                    /usr/local/java/jdk1.8.0_25/jre/lib/amd64/liblcms.so
7f5335ce2000-7f5335ce7000 rw-p 00051000 fc:01 4463934                    /usr/local/java/jdk1.8.0_25/jre/lib/amd64/liblcms.so
7f5335ce7000-7f5335d21000 r-xp 00000000 fc:01 4463913                    /usr/local/java/jdk1.8.0_25/jre/lib/amd64/libjpeg.so
7f5335d21000-7f5335f21000 ---p 0003a000 fc:01 4463913                    /usr/local/java/jdk1.8.0_25/jre/lib/amd64/libjpeg.so
7f5335f21000-7f5335f22000 rw-p 0003a000 fc:01 4463913                    /usr/local/java/jdk1.8.0_25/jre/lib/amd64/libjpeg.so
7f5335f22000-7f5335f25000 ---p 00000000 00:00 0 
7f5335f25000-7f5336023000 rw-p 00000000 00:00 0 
7f5336023000-7f5336026000 ---p 00000000 00:00 0 
7f5336026000-7f5336124000 rw-p 00000000 00:00 0 
7f5336124000-7f5336127000 ---p 00000000 00:00 0 
7f5336127000-7f5336225000 rw-p 00000000 00:00 0 
7f5336225000-7f5336228000 ---p 00000000 00:00 0 
7f5336228000-7f5336326000 rw-p 00000000 00:00 0                          [stack:5331]
7f5336326000-7f5336331000 r--s 00000000 fc:01 1835279                    /var/cache/fontconfig/945677eb7aeaf62f1d50efc3fb3ec7d8-le64.cache-4
7f5336342000-7f5336345000 ---p 00000000 00:00 0 
7f5336345000-7f5336443000 rw-p 00000000 00:00 0                          [stack:5330]
7f5336443000-7f5336446000 ---p 00000000 00:00 0 
7f5336446000-7f5336544000 rw-p 00000000 00:00 0 
7f5336544000-7f5336547000 ---p 00000000 00:00 0 
7f5336547000-7f5336645000 rw-p 00000000 00:00 0                          [stack:5328]
7f5336645000-7f5336648000 ---p 00000000 00:00 0 
7f5336648000-7f5336746000 rw-p 00000000 00:00 0                          [stack:5327]
7f5336746000-7f5336749000 ---p 00000000 00:00 0 
7f5336749000-7f5336847000 rw-p 00000000 00:00 0                          [stack:5326]
7f5336847000-7f533684a000 ---p 00000000 00:00 0 
7f533684a000-7f5336948000 rw-p 00000000 00:00 0                          [stack:5325]
7f5336948000-7f533694b000 ---p 00000000 00:00 0 
7f533694b000-7f5336c49000 rw-p 00000000 00:00 0                          [stack:5324]
7f5336c77000-7f5336c7a000 ---p 00000000 00:00 0 
7f5336c7a000-7f5336d78000 rw-p 00000000 00:00 0                          [stack:5323]
7f5336d78000-7f5336d7b000 ---p 00000000 00:00 0 
7f5336d7b000-7f5337079000 rw-p 00000000 00:00 0                          [stack:5322]
7f5337079000-7f5337279000 rw-p 00000000 00:00 0 
7f5337279000-7f53372e2000 r-xp 00000000 fc:01 4463925                    /usr/local/java/jdk1.8.0_25/jre/lib/amd64/libt2k.so
7f53372e2000-7f53374e1000 ---p 00069000 fc:01 4463925                    /usr/local/java/jdk1.8.0_25/jre/lib/amd64/libt2k.so
7f53374e1000-7f53374e8000 rw-p 00068000 fc:01 4463925                    /usr/local/java/jdk1.8.0_25/jre/lib/amd64/libt2k.so
7f53374e8000-7f53376f8000 rw-p 00000000 00:00 0 
7f53376f8000-7f53377de000 r-xp 00000000 fc:01 4072362                    /usr/lib/x86_64-linux-gnu/libstdc++.so.6.0.19
7f53377de000-7f53379dd000 ---p 000e6000 fc:01 4072362                    /usr/lib/x86_64-linux-gnu/libstdc++.so.6.0.19
7f53379dd000-7f53379e5000 r--p 000e5000 fc:01 4072362                    /usr/lib/x86_64-linux-gnu/libstdc++.so.6.0.19
7f53379e5000-7f53379e7000 rw-p 000ed000 fc:01 4072362                    /usr/lib/x86_64-linux-gnu/libstdc++.so.6.0.19
7f53379e7000-7f53379fc000 rw-p 00000000 00:00 0 
7f53379fc000-7f53379ff000 r-xp 00000000 00:19 1724435                    /home/john/.jssc/linux/libjSSC-2.8_x86_64.so
7f53379ff000-7f5337bfe000 ---p 00003000 00:19 1724435                    /home/john/.jssc/linux/libjSSC-2.8_x86_64.so
7f5337bfe000-7f5337bff000 r--p 00002000 00:19 1724435                    /home/john/.jssc/linux/libjSSC-2.8_x86_64.so
7f5337bff000-7f5337c00000 rw-p 00003000 00:19 1724435                    /home/john/.jssc/linux/libjSSC-2.8_x86_64.so
7f5337c00000-7f5337e00000 rw-p 00000000 00:00 0 
7f5337e00000-7f5338000000 rw-p 00000000 00:00 0 
7f5338000000-7f5338021000 rw-p 00000000 00:00 0 
7f5338021000-7f533c000000 ---p 00000000 00:00 0 
7f533c000000-7f533c022000 rw-p 00000000 00:00 0 
7f533c022000-7f5340000000 ---p 00000000 00:00 0 
7f5340000000-7f5340021000 rw-p 00000000 00:00 0 
7f5340021000-7f5344000000 ---p 00000000 00:00 0 
7f5344000000-7f5344021000 rw-p 00000000 00:00 0 
7f5344021000-7f5348000000 ---p 00000000 00:00 0 
7f5348000000-7f5348534000 rw-p 00000000 00:00 0 
7f5348534000-7f534c000000 ---p 00000000 00:00 0 
7f534c000000-7f534c021000 rw-p 00000000 00:00 0 
7f534c021000-7f5350000000 ---p 00000000 00:00 0 
7f5350000000-7f5350026000 rw-p 00000000 00:00 0 
7f5350026000-7f5354000000 ---p 00000000 00:00 0 
7f5354000000-7f5354021000 rw-p 00000000 00:00 0 
7f5354021000-7f5358000000 ---p 00000000 00:00 0 
7f5358000000-7f5358021000 rw-p 00000000 00:00 0 
7f5358021000-7f535c000000 ---p 00000000 00:00 0 
7f535c000000-7f535c021000 rw-p 00000000 00:00 0 
7f535c021000-7f5360000000 ---p 00000000 00:00 0 
7f5360000000-7f536080e000 rw-p 00000000 00:00 0 
7f536080e000-7f5364000000 ---p 00000000 00:00 0 
7f5364000000-7f5364021000 rw-p 00000000 00:00 0 
7f5364021000-7f5368000000 ---p 00000000 00:00 0 
7f5368000000-7f53689b5000 rw-p 00000000 00:00 0 
7f53689b5000-7f536c000000 ---p 00000000 00:00 0 
7f536c000000-7f536ca85000 rw-p 00000000 00:00 0 
7f536ca85000-7f5370000000 ---p 00000000 00:00 0 
7f5370000000-7f5370021000 rw-p 00000000 00:00 0 
7f5370021000-7f5374000000 ---p 00000000 00:00 0 
7f5374000000-7f5374021000 rw-p 00000000 00:00 0 
7f5374021000-7f5378000000 ---p 00000000 00:00 0 
7f5378006000-7f5378007000 r--s 00000000 fc:01 1835285                    /var/cache/fontconfig/c05880de57d1f5e948fdfacc138775d9-le64.cache-4
7f5378007000-7f537800d000 r--s 00000000 fc:01 1835265                    /var/cache/fontconfig/2cd17615ca594fa2959ae173292e504c-le64.cache-4
7f537800d000-7f537800e000 r--s 00000000 fc:01 1835295                    /var/cache/fontconfig/e7071f4a29fa870f4323321c154eba04-le64.cache-4
7f537800e000-7f537800f000 r--s 00000000 fc:01 1835262                    /var/cache/fontconfig/0d8c3b2ac0904cb8a57a757ad11a4a08-le64.cache-4
7f537800f000-7f5378016000 r--s 00000000 fc:01 1835282                    /var/cache/fontconfig/a755afe4a08bf5b97852ceb7400b47bc-le64.cache-4
7f5378016000-7f537802a000 r--s 00000000 fc:01 1835260                    /var/cache/fontconfig/04aabc0a78ac019cf9454389977116d2-le64.cache-4
7f537802a000-7f537802b000 r--s 00000000 fc:01 1835264                    /var/cache/fontconfig/1ac9eb803944fde146138c791f5cc56a-le64.cache-4
7f537802b000-7f537802f000 r--s 00000000 fc:01 1835268                    /var/cache/fontconfig/385c0604a188198f04d133e54aba7fe7-le64.cache-4
7f537802f000-7f5378030000 r--s 00000000 fc:01 1835292                    /var/cache/fontconfig/dc05db6664285cc2f12bf69c139ae4c3-le64.cache-4
7f5378030000-7f5378032000 r--s 00000000 fc:01 1835276                    /var/cache/fontconfig/767a8244fc0220cfb567a839d0392e0b-le64.cache-4
7f5378032000-7f5378033000 r--s 00000000 fc:01 1836340                    /var/cache/fontconfig/4794a0821666d79190d59a36cb4f44b5-le64.cache-4
7f5378033000-7f5378038000 r--s 00000000 fc:01 1835278                    /var/cache/fontconfig/8801497958630a81b71ace7c5f9b32a8-le64.cache-4
7f5378038000-7f537803f000 r--s 00000000 fc:01 1835266                    /var/cache/fontconfig/3047814df9a2f067bd2d96a2b9c36e5a-le64.cache-4
7f537803f000-7f5378040000 r--s 00000000 fc:01 1835272                    /var/cache/fontconfig/56cf4f4769d0f4abc89a4895d7bd3ae1-le64.cache-4
7f5378040000-7f5378046000 r--s 00000000 fc:01 1835283                    /var/cache/fontconfig/b47c4e1ecd0709278f4910c18777a504-le64.cache-4
7f5378046000-7f5378059000 r--s 00000000 fc:01 1835289                    /var/cache/fontconfig/d52a8644073d54c13679302ca1180695-le64.cache-4
7f5378059000-7f5378062000 r--s 00000000 fc:01 1835287                    /var/cache/fontconfig/3f7329c5293ffd510edef78f73874cfd-le64.cache-4
7f5378062000-7f5378066000 r--s 00000000 fc:01 1835290                    /var/cache/fontconfig/d589a48862398ed80a3d6066f4f56f4c-le64.cache-4
7f5378069000-7f537806c000 ---p 00000000 00:00 0 
7f537806c000-7f537816a000 rw-p 00000000 00:00 0                          [stack:5321]
7f537816a000-7f537816d000 ---p 00000000 00:00 0 
7f537816d000-7f537826b000 rw-p 00000000 00:00 0                          [stack:5320]
7f537826b000-7f5378282000 r-xp 00000000 fc:01 2625756                    /lib/x86_64-linux-gnu/libresolv-2.19.so
7f5378282000-7f5378482000 ---p 00017000 fc:01 2625756                    /lib/x86_64-linux-gnu/libresolv-2.19.so
7f5378482000-7f5378483000 r--p 00017000 fc:01 2625756                    /lib/x86_64-linux-gnu/libresolv-2.19.so
7f5378483000-7f5378484000 rw-p 00018000 fc:01 2625756                    /lib/x86_64-linux-gnu/libresolv-2.19.so
7f5378484000-7f5378486000 rw-p 00000000 00:00 0 
7f5378486000-7f537848b000 r-xp 00000000 fc:01 2625761                    /lib/x86_64-linux-gnu/libnss_dns-2.19.so
7f537848b000-7f537868a000 ---p 00005000 fc:01 2625761                    /lib/x86_64-linux-gnu/libnss_dns-2.19.so
7f537868a000-7f537868b000 r--p 00004000 fc:01 2625761                    /lib/x86_64-linux-gnu/libnss_dns-2.19.so
7f537868b000-7f537868c000 rw-p 00005000 fc:01 2625761                    /lib/x86_64-linux-gnu/libnss_dns-2.19.so
7f537868c000-7f537868e000 r-xp 00000000 fc:01 2625564                    /lib/x86_64-linux-gnu/libnss_mdns4_minimal.so.2
7f537868e000-7f537888d000 ---p 00002000 fc:01 2625564                    /lib/x86_64-linux-gnu/libnss_mdns4_minimal.so.2
7f537888d000-7f537888e000 r--p 00001000 fc:01 2625564                    /lib/x86_64-linux-gnu/libnss_mdns4_minimal.so.2
7f537888e000-7f537888f000 rw-p 00002000 fc:01 2625564                    /lib/x86_64-linux-gnu/libnss_mdns4_minimal.so.2
7f537888f000-7f53788a0000 r-xp 00000000 fc:01 4463947                    /usr/local/java/jdk1.8.0_25/jre/lib/amd64/libnio.so
7f53788a0000-7f5378a9f000 ---p 00011000 fc:01 4463947                    /usr/local/java/jdk1.8.0_25/jre/lib/amd64/libnio.so
7f5378a9f000-7f5378aa0000 rw-p 00010000 fc:01 4463947                    /usr/local/java/jdk1.8.0_25/jre/lib/amd64/libnio.so
7f5378aa0000-7f5378ab6000 r-xp 00000000 fc:01 4463922                    /usr/local/java/jdk1.8.0_25/jre/lib/amd64/libnet.so
7f5378ab6000-7f5378cb6000 ---p 00016000 fc:01 4463922                    /usr/local/java/jdk1.8.0_25/jre/lib/amd64/libnet.so
7f5378cb6000-7f5378cb7000 rw-p 00016000 fc:01 4463922                    /usr/local/java/jdk1.8.0_25/jre/lib/amd64/libnet.so
7f5378cb7000-7f5378cba000 ---p 00000000 00:00 0 
7f5378cba000-7f5378db8000 rw-p 00000000 00:00 0                          [stack:5319]
7f5378db8000-7f5378dbb000 ---p 00000000 00:00 0 
7f5378dbb000-7f5378eb9000 rw-p 00000000 00:00 0                          [stack:5318]
7f5378eb9000-7f5378ebc000 ---p 00000000 00:00 0 
7f5378ebc000-7f5378fba000 rw-p 00000000 00:00 0                          [stack:5317]
7f5378fba000-7f5378fbd000 ---p 00000000 00:00 0 
7f5378fbd000-7f53790bb000 rw-p 00000000 00:00 0                          [stack:5316]
7f53790bb000-7f53790be000 ---p 00000000 00:00 0 
7f53790be000-7f53791bc000 rw-p 00000000 00:00 0                          [stack:5315]
7f53791bc000-7f53791bf000 ---p 00000000 00:00 0 
7f53791bf000-7f53792bd000 rw-p 00000000 00:00 0                          [stack:5314]
7f53792bd000-7f53792c0000 ---p 00000000 00:00 0 
7f53792c0000-7f53793be000 rw-p 00000000 00:00 0                          [stack:5313]
7f53793be000-7f53793c3000 r-xp 00000000 fc:01 4071471                    /usr/lib/x86_64-linux-gnu/libXfixes.so.3.1.0
7f53793c3000-7f53795c2000 ---p 00005000 fc:01 4071471                    /usr/lib/x86_64-linux-gnu/libXfixes.so.3.1.0
7f53795c2000-7f53795c3000 r--p 00004000 fc:01 4071471                    /usr/lib/x86_64-linux-gnu/libXfixes.so.3.1.0
7f53795c3000-7f53795c4000 rw-p 00005000 fc:01 4071471                    /usr/lib/x86_64-linux-gnu/libXfixes.so.3.1.0
7f53795c4000-7f53795cd000 r-xp 00000000 fc:01 4071463                    /usr/lib/x86_64-linux-gnu/libXcursor.so.1.0.2
7f53795cd000-7f53797cc000 ---p 00009000 fc:01 4071463                    /usr/lib/x86_64-linux-gnu/libXcursor.so.1.0.2
7f53797cc000-7f53797cd000 r--p 00008000 fc:01 4071463                    /usr/lib/x86_64-linux-gnu/libXcursor.so.1.0.2
7f53797cd000-7f53797ce000 rw-p 00009000 fc:01 4071463                    /usr/lib/x86_64-linux-gnu/libXcursor.so.1.0.2
7f53797ce000-7f53797d1000 ---p 00000000 00:00 0 
7f53797d1000-7f53798cf000 rw-p 00000000 00:00 0                          [stack:5312]
7f53798cf000-7f53798e5000 r-xp 00000000 fc:01 2625460                    /lib/x86_64-linux-gnu/libgcc_s.so.1
7f53798e5000-7f5379ae4000 ---p 00016000 fc:01 2625460                    /lib/x86_64-linux-gnu/libgcc_s.so.1
7f5379ae4000-7f5379ae5000 rw-p 00015000 fc:01 2625460                    /lib/x86_64-linux-gnu/libgcc_s.so.1
7f5379ae5000-7f5379b49000 r-xp 00000000 fc:01 4463926                    /usr/local/java/jdk1.8.0_25/jre/lib/amd64/libfontmanager.so
7f5379b49000-7f5379d49000 ---p 00064000 fc:01 4463926                    /usr/local/java/jdk1.8.0_25/jre/lib/amd64/libfontmanager.so
7f5379d49000-7f5379d4d000 rw-p 00064000 fc:01 4463926                    /usr/local/java/jdk1.8.0_25/jre/lib/amd64/libfontmanager.so
7f5379d4d000-7f5379d5e000 rw-p 00000000 00:00 0 
7f5379d5e000-7f5379d63000 r-xp 00000000 fc:01 4071467                    /usr/lib/x86_64-linux-gnu/libXdmcp.so.6.0.0
7f5379d63000-7f5379f62000 ---p 00005000 fc:01 4071467                    /usr/lib/x86_64-linux-gnu/libXdmcp.so.6.0.0
7f5379f62000-7f5379f63000 r--p 00004000 fc:01 4071467                    /usr/lib/x86_64-linux-gnu/libXdmcp.so.6.0.0
7f5379f63000-7f5379f64000 rw-p 00005000 fc:01 4071467                    /usr/lib/x86_64-linux-gnu/libXdmcp.so.6.0.0
7f5379f64000-7f5379f66000 r-xp 00000000 fc:01 4071456                    /usr/lib/x86_64-linux-gnu/libXau.so.6.0.0
7f5379f66000-7f537a166000 ---p 00002000 fc:01 4071456                    /usr/lib/x86_64-linux-gnu/libXau.so.6.0.0
7f537a166000-7f537a167000 r--p 00002000 fc:01 4071456                    /usr/lib/x86_64-linux-gnu/libXau.so.6.0.0
7f537a167000-7f537a168000 rw-p 00003000 fc:01 4071456                    /usr/lib/x86_64-linux-gnu/libXau.so.6.0.0
7f537a168000-7f537a185000 r-xp 00000000 fc:01 4072526                    /usr/lib/x86_64-linux-gnu/libxcb.so.1.1.0
7f537a185000-7f537a385000 ---p 0001d000 fc:01 4072526                    /usr/lib/x86_64-linux-gnu/libxcb.so.1.1.0
7f537a385000-7f537a386000 r--p 0001d000 fc:01 4072526                    /usr/lib/x86_64-linux-gnu/libxcb.so.1.1.0
7f537a386000-7f537a387000 rw-p 0001e000 fc:01 4072526                    /usr/lib/x86_64-linux-gnu/libxcb.so.1.1.0
7f537a387000-7f537a396000 r-xp 00000000 fc:01 4071477                    /usr/lib/x86_64-linux-gnu/libXi.so.6.1.0
7f537a396000-7f537a595000 ---p 0000f000 fc:01 4071477                    /usr/lib/x86_64-linux-gnu/libXi.so.6.1.0
7f537a595000-7f537a596000 r--p 0000e000 fc:01 4071477                    /usr/lib/x86_64-linux-gnu/libXi.so.6.1.0
7f537a596000-7f537a597000 rw-p 0000f000 fc:01 4071477                    /usr/lib/x86_64-linux-gnu/libXi.so.6.1.0
7f537a597000-7f537a59c000 r-xp 00000000 fc:01 4071497                    /usr/lib/x86_64-linux-gnu/libXtst.so.6.1.0
7f537a59c000-7f537a79b000 ---p 00005000 fc:01 4071497                    /usr/lib/x86_64-linux-gnu/libXtst.so.6.1.0
7f537a79b000-7f537a79c000 r--p 00004000 fc:01 4071497                    /usr/lib/x86_64-linux-gnu/libXtst.so.6.1.0
7f537a79c000-7f537a79d000 rw-p 00005000 fc:01 4071497                    /usr/lib/x86_64-linux-gnu/libXtst.so.6.1.0
7f537a79d000-7f537a7a6000 r-xp 00000000 fc:01 4071491                    /usr/lib/x86_64-linux-gnu/libXrender.so.1.3.0
7f537a7a6000-7f537a9a5000 ---p 00009000 fc:01 4071491                    /usr/lib/x86_64-linux-gnu/libXrender.so.1.3.0
7f537a9a5000-7f537a9a6000 r--p 00008000 fc:01 4071491                    /usr/lib/x86_64-linux-gnu/libXrender.so.1.3.0
7f537a9a6000-7f537a9a7000 rw-p 00009000 fc:01 4071491                    /usr/lib/x86_64-linux-gnu/libXrender.so.1.3.0
7f537a9a7000-7f537aad7000 r-xp 00000000 fc:01 4071452                    /usr/lib/x86_64-linux-gnu/libX11.so.6.3.0
7f537aad7000-7f537acd7000 ---p 00130000 fc:01 4071452                    /usr/lib/x86_64-linux-gnu/libX11.so.6.3.0
7f537acd7000-7f537acd8000 r--p 00130000 fc:01 4071452                    /usr/lib/x86_64-linux-gnu/libX11.so.6.3.0
7f537acd8000-7f537acdc000 rw-p 00131000 fc:01 4071452                    /usr/lib/x86_64-linux-gnu/libX11.so.6.3.0
7f537acdc000-7f537aced000 r-xp 00000000 fc:01 4071469                    /usr/lib/x86_64-linux-gnu/libXext.so.6.4.0
7f537aced000-7f537aeec000 ---p 00011000 fc:01 4071469                    /usr/lib/x86_64-linux-gnu/libXext.so.6.4.0
7f537aeec000-7f537aeed000 r--p 00010000 fc:01 4071469                    /usr/lib/x86_64-linux-gnu/libXext.so.6.4.0
7f537aeed000-7f537aeee000 rw-p 00011000 fc:01 4071469                    /usr/lib/x86_64-linux-gnu/libXext.so.6.4.0
7f537aeee000-7f537af42000 r-xp 00000000 fc:01 4463935                    /usr/local/java/jdk1.8.0_25/jre/lib/amd64/libawt_xawt.so
7f537af42000-7f537b142000 ---p 00054000 fc:01 4463935                    /usr/local/java/jdk1.8.0_25/jre/lib/amd64/libawt_xawt.so
7f537b142000-7f537b146000 rw-p 00054000 fc:01 4463935                    /usr/local/java/jdk1.8.0_25/jre/lib/amd64/libawt_xawt.so
7f537b146000-7f537b147000 rw-p 00000000 00:00 0 
7f537b147000-7f537b1e9000 r-xp 00000000 fc:01 4463941                    /usr/local/java/jdk1.8.0_25/jre/lib/amd64/libawt.so
7f537b1e9000-7f537b3e9000 ---p 000a2000 fc:01 4463941                    /usr/local/java/jdk1.8.0_25/jre/lib/amd64/libawt.so
7f537b3e9000-7f537b3f5000 rw-p 000a2000 fc:01 4463941                    /usr/local/java/jdk1.8.0_25/jre/lib/amd64/libawt.so
7f537b3f5000-7f537b419000 rw-p 00000000 00:00 0 
7f537b419000-7f537b41a000 ---p 00000000 00:00 0 
7f537b41a000-7f537b51a000 rw-p 00000000 00:00 0                          [stack:5311]
7f537b51a000-7f537b51d000 ---p 00000000 00:00 0 
7f537b51d000-7f537b61b000 rw-p 00000000 00:00 0                          [stack:5310]
7f537b61b000-7f537b61e000 ---p 00000000 00:00 0 
7f537b61e000-7f537b71c000 rw-p 00000000 00:00 0                          [stack:5309]
7f537b71c000-7f537b71f000 ---p 00000000 00:00 0 
7f537b71f000-7f537b81d000 rw-p 00000000 00:00 0                          [stack:5308]
7f537b81d000-7f537b820000 ---p 00000000 00:00 0 
7f537b820000-7f537b91e000 rw-p 00000000 00:00 0                          [stack:5307]
7f537b91e000-7f537c000000 r--p 00000000 fc:01 4070403                    /usr/lib/locale/locale-archive
7f537c000000-7f537c07d000 rw-p 00000000 00:00 0 
7f537c07d000-7f5380000000 ---p 00000000 00:00 0 
7f5380000000-7f5380021000 rw-p 00000000 00:00 0 
7f5380021000-7f5384000000 ---p 00000000 00:00 0 
7f5384000000-7f5384021000 rw-p 00000000 00:00 0 
7f5384021000-7f5388000000 ---p 00000000 00:00 0 
7f5388000000-7f5388021000 rw-p 00000000 00:00 0 
7f5388021000-7f538c000000 ---p 00000000 00:00 0 
7f538c000000-7f538c021000 rw-p 00000000 00:00 0 
7f538c021000-7f5390000000 ---p 00000000 00:00 0 
7f5390000000-7f5390001000 r--s 00000000 fc:01 1835284                    /var/cache/fontconfig/b9d506c9ac06c20b433354fa67a72993-le64.cache-4
7f5390001000-7f5390002000 r--s 00000000 fc:01 1835261                    /var/cache/fontconfig/0c9eb80ebd1c36541ebe2852d3bb0c49-le64.cache-4
7f5390008000-7f539000c000 r--s 00093000 fc:01 4332857                    /usr/local/java/jdk1.8.0_25/jre/lib/jsse.jar
7f539000c000-7f539001f000 r--s 00344000 fc:01 4332865                    /usr/local/java/jdk1.8.0_25/jre/lib/resources.jar
7f539001f000-7f5390050000 rw-p 00000000 00:00 0 
7f5390050000-7f539005a000 r--s 00116000 fc:01 4463952                    /usr/local/java/jdk1.8.0_25/jre/lib/ext/localedata.jar
7f539005a000-7f5390076000 r--s 00393000 fc:01 4463958                    /usr/local/java/jdk1.8.0_25/jre/lib/ext/cldrdata.jar
7f5390076000-7f539009f000 r--s 0032b000 00:19 1474265                    /home/john/Dropbox/workspace/worldwind-2.0.0/worldwindx.jar
7f539009f000-7f53900a2000 ---p 00000000 00:00 0 
7f53900a2000-7f5394000000 rw-p 00000000 00:00 0                          [stack:5306]
7f5394000000-7f5394021000 rw-p 00000000 00:00 0 
7f5394021000-7f5398000000 ---p 00000000 00:00 0 
7f5398000000-7f5398003000 r--s 00000000 fc:01 1839468                    /var/cache/fontconfig/e13b20fdb08344e0e664864cc2ede53d-le64.cache-4
7f5398003000-7f5398007000 r--s 00000000 fc:01 1839474                    /var/cache/fontconfig/7ef2298fde41cc6eeb7af42e48b7d293-le64.cache-4
7f5398007000-7f5398009000 r--s 00009000 00:19 1724624                    /home/john/Dropbox/workspace/commons-cli-1.2/commons-cli-1.2.jar
7f5398009000-7f5398010000 r--s 0005e000 00:19 1499058                    /home/john/Dropbox/workspace/commons-lang3-3.3.2/commons-lang3-3.3.2-bin/commons-lang3-3.3.2/commons-lang3-3.3.2.jar
7f5398010000-7f5398012000 r--s 0000e000 00:19 1495822                    /home/john/Dropbox/workspace/commons-logging-1.2/commons-logging-1.2-bin/commons-logging-1.2/commons-logging-1.2.jar
7f5398012000-7f5398013000 r--s 00004000 00:19 1499236                    /home/john/Dropbox/workspace/commons-jci-1.1/commons-jci-1.1-bin/commons-jci-1.1/lib/commons-jci-eclipse-1.1.jar
7f5398013000-7f5398017000 r--s 0002a000 00:19 1496812                    /home/john/Dropbox/workspace/commons-io-2.4/commons-io-2.4.jar
7f5398017000-7f5398049000 r--s 00690000 00:19 1474263                    /home/john/Dropbox/workspace/worldwind-2.0.0/worldwind.jar
7f5398049000-7f5398058000 r--s 0019c000 00:19 1474270                    /home/john/Dropbox/workspace/worldwind-2.0.0/vpf-symbols.jar
7f5398058000-7f5398068000 r--s 000c4000 00:19 1474255                    /home/john/Dropbox/workspace/worldwind-2.0.0/plugin.jar
7f5398068000-7f5398069000 r--s 0002d000 00:19 1474307                    /home/john/Dropbox/workspace/worldwind-2.0.0/jogl-all-natives-windows-i586.jar
7f5398069000-7f539806a000 r--s 00034000 00:19 1474310                    /home/john/Dropbox/workspace/worldwind-2.0.0/jogl-all-natives-windows-amd64.jar
7f539806a000-7f539806b000 r--s 00063000 00:19 1474320                    /home/john/Dropbox/workspace/worldwind-2.0.0/jogl-all-natives-macosx-universal.jar
7f539806b000-7f539806d000 r--s 00030000 00:19 1474300                    /home/john/Dropbox/workspace/worldwind-2.0.0/jogl-all-natives-linux-i586.jar
7f539806d000-7f539806e000 r--s 00031000 00:19 1474302                    /home/john/Dropbox/workspace/worldwind-2.0.0/jogl-all-natives-linux-amd64.jar
7f539806e000-7f539808f000 r--s 002d0000 00:19 1474256                    /home/john/Dropbox/workspace/worldwind-2.0.0/jogl-all.jar
7f539808f000-7f5398090000 r--s 00001000 00:19 1474314                    /home/john/Dropbox/workspace/worldwind-2.0.0/gluegen-rt-natives-windows-i586.jar
7f5398090000-7f5398091000 r--s 00001000 00:19 1474318                    /home/john/Dropbox/workspace/worldwind-2.0.0/gluegen-rt-natives-windows-amd64.jar
7f5398091000-7f5398092000 r--s 00001000 00:19 1474329                    /home/john/Dropbox/workspace/worldwind-2.0.0/gluegen-rt-natives-macosx-universal.jar
7f5398092000-7f5398093000 r--s 00000000 00:19 1474304                    /home/john/Dropbox/workspace/worldwind-2.0.0/gluegen-rt-natives-linux-i586.jar
7f5398093000-7f5398094000 r--s 00000000 00:19 1474308                    /home/john/Dropbox/workspace/worldwind-2.0.0/gluegen-rt-natives-linux-amd64.jar
7f5398094000-7f539809a000 r--s 00041000 00:19 1474266                    /home/john/Dropbox/workspace/worldwind-2.0.0/gluegen-rt.jar
7f539809a000-7f539809c000 r--s 00015000 00:19 1474252                    /home/john/Dropbox/workspace/worldwind-2.0.0/gdal.jar
7f539809c000-7f539809d000 r--s 00002000 00:19 1491065                    /home/john/Dropbox/workspace/swing-worker-1.1/swing-worker-1.1.jar
7f539809d000-7f539809e000 r--s 0001c000 00:19 1491166                    /home/john/Dropbox/workspace/swing-layout-1.0.3/swing-layout-1.0.3.jar
7f539809e000-7f53980a0000 r--s 00024000 00:19 1494969                    /home/john/Dropbox/workspace/jSSC-2.8.0-Release/jssc.jar
7f53980a0000-7f53980ad000 r--s 000fa000 00:19 1498763                    /home/john/Dropbox/workspace/jsc-1.0/jsc.jar
7f53980ad000-7f53980d0000 r--s 001ba000 00:19 1502827                    /home/john/Dropbox/workspace/commons-math3-3.3/commons-math3-3.3-bin/commons-math3-3.3/commons-math3-3.3.jar
7f53980d0000-7f53980d3000 ---p 00000000 00:00 0 
7f53980d3000-7f53981d1000 rw-p 00000000 00:00 0                          [stack:5305]
7f53981d1000-7f53981d4000 ---p 00000000 00:00 0 
7f53981d4000-7f53982d2000 rw-p 00000000 00:00 0                          [stack:5304]
7f53982d2000-7f53982d3000 ---p 00000000 00:00 0 
7f53982d3000-7f5399000000 rw-p 00000000 00:00 0                          [stack:5303]
7f5399000000-7f5399880000 rwxp 00000000 00:00 0 
7f5399880000-7f53a8000000 ---p 00000000 00:00 0 
7f53a8000000-7f53a8395000 rw-p 00000000 00:00 0 
7f53a8395000-7f53ac000000 ---p 00000000 00:00 0 
7f53ac000000-7f53ac001000 r--s 00004000 00:19 1497604                    /home/john/Dropbox/workspace/jfreechart-1.0.19/jfreechart-1.0.19/lib/swtgraphics2d.jar
7f53ac001000-7f53ac004000 r--s 00011000 00:19 1497684                    /home/john/Dropbox/workspace/jfreechart-1.0.19/jfreechart-1.0.19/lib/servlet.jar
7f53ac004000-7f53ac015000 r--s 0016f000 00:19 1497665                    /home/john/Dropbox/workspace/jfreechart-1.0.19/jfreechart-1.0.19/lib/jfreechart-1.0.19.jar
7f53ac015000-7f53ac3ca000 rw-p 00000000 00:00 0 
7f53ac3ca000-7f53ac5a0000 r--s 03caa000 fc:01 4332854                    /usr/local/java/jdk1.8.0_25/jre/lib/rt.jar
7f53ac5a0000-7f53ad1fc000 rw-p 00000000 00:00 0 
7f53ad1fc000-7f53ad1fd000 ---p 00000000 00:00 0 
7f53ad1fd000-7f53ad2fd000 rw-p 00000000 00:00 0                          [stack:5302]
7f53ad2fd000-7f53ad2fe000 ---p 00000000 00:00 0 
7f53ad2fe000-7f53ad3fe000 rw-p 00000000 00:00 0                          [stack:5301]
7f53ad3fe000-7f53ad3ff000 ---p 00000000 00:00 0 
7f53ad3ff000-7f53ad4ff000 rw-p 00000000 00:00 0                          [stack:5300]
7f53ad4ff000-7f53ad500000 ---p 00000000 00:00 0 
7f53ad500000-7f53ad61b000 rw-p 00000000 00:00 0                          [stack:5299]
7f53ad61b000-7f53ad89a000 ---p 00000000 00:00 0 
7f53ad89a000-7f53ad8b5000 rw-p 00000000 00:00 0 
7f53ad8b5000-7f53adb33000 ---p 00000000 00:00 0 
7f53adb33000-7f53adb79000 rw-p 00000000 00:00 0 
7f53adb79000-7f53adc80000 ---p 00000000 00:00 0 
7f53adc80000-7f53adca3000 rw-p 00000000 00:00 0 
7f53adca3000-7f53ae041000 ---p 00000000 00:00 0 
7f53ae041000-7f53ae05b000 r-xp 00000000 fc:01 4463916                    /usr/local/java/jdk1.8.0_25/jre/lib/amd64/libzip.so
7f53ae05b000-7f53ae25b000 ---p 0001a000 fc:01 4463916                    /usr/local/java/jdk1.8.0_25/jre/lib/amd64/libzip.so
7f53ae25b000-7f53ae25c000 rw-p 0001a000 fc:01 4463916                    /usr/local/java/jdk1.8.0_25/jre/lib/amd64/libzip.so
7f53ae25c000-7f53ae267000 r-xp 00000000 fc:01 2625770                    /lib/x86_64-linux-gnu/libnss_files-2.19.so
7f53ae267000-7f53ae466000 ---p 0000b000 fc:01 2625770                    /lib/x86_64-linux-gnu/libnss_files-2.19.so
7f53ae466000-7f53ae467000 r--p 0000a000 fc:01 2625770                    /lib/x86_64-linux-gnu/libnss_files-2.19.so
7f53ae467000-7f53ae468000 rw-p 0000b000 fc:01 2625770                    /lib/x86_64-linux-gnu/libnss_files-2.19.so
7f53ae468000-7f53ae473000 r-xp 00000000 fc:01 2625771                    /lib/x86_64-linux-gnu/libnss_nis-2.19.so
7f53ae473000-7f53ae672000 ---p 0000b000 fc:01 2625771                    /lib/x86_64-linux-gnu/libnss_nis-2.19.so
7f53ae672000-7f53ae673000 r--p 0000a000 fc:01 2625771                    /lib/x86_64-linux-gnu/libnss_nis-2.19.so
7f53ae673000-7f53ae674000 rw-p 0000b000 fc:01 2625771                    /lib/x86_64-linux-gnu/libnss_nis-2.19.so
7f53ae674000-7f53ae68b000 r-xp 00000000 fc:01 2625757                    /lib/x86_64-linux-gnu/libnsl-2.19.so
7f53ae68b000-7f53ae88a000 ---p 00017000 fc:01 2625757                    /lib/x86_64-linux-gnu/libnsl-2.19.so
7f53ae88a000-7f53ae88b000 r--p 00016000 fc:01 2625757                    /lib/x86_64-linux-gnu/libnsl-2.19.so
7f53ae88b000-7f53ae88c000 rw-p 00017000 fc:01 2625757                    /lib/x86_64-linux-gnu/libnsl-2.19.so
7f53ae88c000-7f53ae88e000 rw-p 00000000 00:00 0 
7f53ae88e000-7f53ae897000 r-xp 00000000 fc:01 2621455                    /lib/x86_64-linux-gnu/libnss_compat-2.19.so
7f53ae897000-7f53aea96000 ---p 00009000 fc:01 2621455                    /lib/x86_64-linux-gnu/libnss_compat-2.19.so
7f53aea96000-7f53aea97000 r--p 00008000 fc:01 2621455                    /lib/x86_64-linux-gnu/libnss_compat-2.19.so
7f53aea97000-7f53aea98000 rw-p 00009000 fc:01 2621455                    /lib/x86_64-linux-gnu/libnss_compat-2.19.so
7f53aea98000-7f53aeac2000 r-xp 00000000 fc:01 4463895                    /usr/local/java/jdk1.8.0_25/jre/lib/amd64/libjava.so
7f53aeac2000-7f53aecc2000 ---p 0002a000 fc:01 4463895                    /usr/local/java/jdk1.8.0_25/jre/lib/amd64/libjava.so
7f53aecc2000-7f53aecc4000 rw-p 0002a000 fc:01 4463895                    /usr/local/java/jdk1.8.0_25/jre/lib/amd64/libjava.so
7f53aecc4000-7f53aecd1000 r-xp 00000000 fc:01 4463910                    /usr/local/java/jdk1.8.0_25/jre/lib/amd64/libverify.so
7f53aecd1000-7f53aeed1000 ---p 0000d000 fc:01 4463910                    /usr/local/java/jdk1.8.0_25/jre/lib/amd64/libverify.so
7f53aeed1000-7f53aeed3000 rw-p 0000d000 fc:01 4463910                    /usr/local/java/jdk1.8.0_25/jre/lib/amd64/libverify.so
7f53aeed3000-7f53aeeda000 r-xp 00000000 fc:01 2625759                    /lib/x86_64-linux-gnu/librt-2.19.so
7f53aeeda000-7f53af0d9000 ---p 00007000 fc:01 2625759                    /lib/x86_64-linux-gnu/librt-2.19.so
7f53af0d9000-7f53af0da000 r--p 00006000 fc:01 2625759                    /lib/x86_64-linux-gnu/librt-2.19.so
7f53af0da000-7f53af0db000 rw-p 00007000 fc:01 2625759                    /lib/x86_64-linux-gnu/librt-2.19.so
7f53af0db000-7f53af1e0000 r-xp 00000000 fc:01 2625766                    /lib/x86_64-linux-gnu/libm-2.19.so
7f53af1e0000-7f53af3df000 ---p 00105000 fc:01 2625766                    /lib/x86_64-linux-gnu/libm-2.19.so
7f53af3df000-7f53af3e0000 r--p 00104000 fc:01 2625766                    /lib/x86_64-linux-gnu/libm-2.19.so
7f53af3e0000-7f53af3e1000 rw-p 00105000 fc:01 2625766                    /lib/x86_64-linux-gnu/libm-2.19.so
7f53af3e1000-7f53b004e000 r-xp 00000000 fc:01 4463932                    /usr/local/java/jdk1.8.0_25/jre/lib/amd64/server/libjvm.so
7f53b004e000-7f53b024d000 ---p 00c6d000 fc:01 4463932                    /usr/local/java/jdk1.8.0_25/jre/lib/amd64/server/libjvm.so
7f53b024d000-7f53b0323000 rw-p 00c6c000 fc:01 4463932                    /usr/local/java/jdk1.8.0_25/jre/lib/amd64/server/libjvm.so
7f53b0323000-7f53b0366000 rw-p 00000000 00:00 0 
7f53b0366000-7f53b0521000 r-xp 00000000 fc:01 2625763                    /lib/x86_64-linux-gnu/libc-2.19.so
7f53b0521000-7f53b0721000 ---p 001bb000 fc:01 2625763                    /lib/x86_64-linux-gnu/libc-2.19.so
7f53b0721000-7f53b0725000 r--p 001bb000 fc:01 2625763                    /lib/x86_64-linux-gnu/libc-2.19.so
7f53b0725000-7f53b0727000 rw-p 001bf000 fc:01 2625763                    /lib/x86_64-linux-gnu/libc-2.19.so
7f53b0727000-7f53b072c000 rw-p 00000000 00:00 0 
7f53b072c000-7f53b072f000 r-xp 00000000 fc:01 2625775                    /lib/x86_64-linux-gnu/libdl-2.19.so
7f53b072f000-7f53b092e000 ---p 00003000 fc:01 2625775                    /lib/x86_64-linux-gnu/libdl-2.19.so
7f53b092e000-7f53b092f000 r--p 00002000 fc:01 2625775                    /lib/x86_64-linux-gnu/libdl-2.19.so
7f53b092f000-7f53b0930000 rw-p 00003000 fc:01 2625775                    /lib/x86_64-linux-gnu/libdl-2.19.so
7f53b0930000-7f53b0945000 r-xp 00000000 fc:01 4201445                    /usr/local/java/jdk1.8.0_25/lib/amd64/jli/libjli.so
7f53b0945000-7f53b0b44000 ---p 00015000 fc:01 4201445                    /usr/local/java/jdk1.8.0_25/lib/amd64/jli/libjli.so
7f53b0b44000-7f53b0b45000 rw-p 00014000 fc:01 4201445                    /usr/local/java/jdk1.8.0_25/lib/amd64/jli/libjli.so
7f53b0b45000-7f53b0b5e000 r-xp 00000000 fc:01 2625776                    /lib/x86_64-linux-gnu/libpthread-2.19.so
7f53b0b5e000-7f53b0d5d000 ---p 00019000 fc:01 2625776                    /lib/x86_64-linux-gnu/libpthread-2.19.so
7f53b0d5d000-7f53b0d5e000 r--p 00018000 fc:01 2625776                    /lib/x86_64-linux-gnu/libpthread-2.19.so
7f53b0d5e000-7f53b0d5f000 rw-p 00019000 fc:01 2625776                    /lib/x86_64-linux-gnu/libpthread-2.19.so
7f53b0d5f000-7f53b0d63000 rw-p 00000000 00:00 0 
7f53b0d63000-7f53b0d86000 r-xp 00000000 fc:01 2625764                    /lib/x86_64-linux-gnu/ld-2.19.so
7f53b0d86000-7f53b0d8c000 r--s 00036000 00:19 1497719                    /home/john/Dropbox/workspace/jfreechart-1.0.19/jfreechart-1.0.19/lib/junit-4.11.jar
7f53b0d8c000-7f53b0d8e000 r--s 0000b000 00:19 1497591                    /home/john/Dropbox/workspace/jfreechart-1.0.19/jfreechart-1.0.19/lib/jfreesvg-2.0.jar
7f53b0d8e000-7f53b0d90000 r--s 00012000 00:19 1497562                    /home/john/Dropbox/workspace/jfreechart-1.0.19/jfreechart-1.0.19/lib/jfreechart-1.0.19-swt.jar
7f53b0d90000-7f53b0d9b000 r--s 000bd000 00:19 1497868                    /home/john/Dropbox/workspace/jackcess-2.0.6/jackcess-2.0.6.jar
7f53b0d9b000-7f53b0e66000 rw-p 00000000 00:00 0 
7f53b0e66000-7f53b0e69000 ---p 00000000 00:00 0 
7f53b0e69000-7f53b0f6b000 rw-p 00000000 00:00 0                          [stack:5298]
7f53b0f6b000-7f53b0f71000 r--s 0004b000 00:19 1497663                    /home/john/Dropbox/workspace/jfreechart-1.0.19/jfreechart-1.0.19/lib/jcommon-1.0.23.jar
7f53b0f71000-7f53b0f73000 r--s 00009000 00:19 1497721                    /home/john/Dropbox/workspace/jfreechart-1.0.19/jfreechart-1.0.19/lib/hamcrest-core-1.3.jar
7f53b0f73000-7f53b0f79000 r--s 0003f000 00:19 1494088                    /home/john/Dropbox/workspace/commons-net-3.3/commons-net-3.3/commons-net-3.3.jar
7f53b0f79000-7f53b0f81000 rw-s 00000000 fc:01 4195346                    /tmp/hsperfdata_john/5292
7f53b0f81000-7f53b0f82000 rw-p 00000000 00:00 0 
7f53b0f82000-7f53b0f83000 r--p 00000000 00:00 0 
7f53b0f83000-7f53b0f85000 rw-p 00000000 00:00 0 
7f53b0f85000-7f53b0f86000 r--p 00022000 fc:01 2625764                    /lib/x86_64-linux-gnu/ld-2.19.so
7f53b0f86000-7f53b0f87000 rw-p 00023000 fc:01 2625764                    /lib/x86_64-linux-gnu/ld-2.19.so
7f53b0f87000-7f53b0f88000 rw-p 00000000 00:00 0 
7fff8d748000-7fff8d76a000 rw-p 00000000 00:00 0                          [stack]
7fff8d7fe000-7fff8d800000 r-xp 00000000 00:00 0                          [vdso]
ffffffffff600000-ffffffffff601000 r-xp 00000000 00:00 0                  [vsyscall]

VM Arguments:
jvm_args: -Dfile.encoding=UTF-8 
java_command: com.Main m2
java_class_path (initial): /home/john/Dropbox/workspace/jDriveTrack/bin:/home/john/Dropbox/workspace/commons-net-3.3/commons-net-3.3/commons-net-3.3.jar:/home/john/Dropbox/workspace/commons-math3-3.3/commons-math3-3.3-bin/commons-math3-3.3/commons-math3-3.3.jar:/home/john/Dropbox/workspace/jackcess-2.0.6/jackcess-2.0.6.jar:/home/john/Dropbox/workspace/jfreechart-1.0.19/jfreechart-1.0.19/lib/hamcrest-core-1.3.jar:/home/john/Dropbox/workspace/jfreechart-1.0.19/jfreechart-1.0.19/lib/jcommon-1.0.23.jar:/home/john/Dropbox/workspace/jfreechart-1.0.19/jfreechart-1.0.19/lib/jfreechart-1.0.19.jar:/home/john/Dropbox/workspace/jfreechart-1.0.19/jfreechart-1.0.19/lib/jfreechart-1.0.19-swt.jar:/home/john/Dropbox/workspace/jfreechart-1.0.19/jfreechart-1.0.19/lib/jfreesvg-2.0.jar:/home/john/Dropbox/workspace/jfreechart-1.0.19/jfreechart-1.0.19/lib/junit-4.11.jar:/home/john/Dropbox/workspace/jfreechart-1.0.19/jfreechart-1.0.19/lib/servlet.jar:/home/john/Dropbox/workspace/jfreechart-1.0.19/jfreechart-1.0.19/lib/swtgraphics2d.jar:/home/john/Dropbox/workspace/jsc-1.0/jsc.jar:/home/john/Dropbox/workspace/jSSC-2.8.0-Release/jssc.jar:/home/john/Dropbox/workspace/swing-layout-1.0.3/swing-layout-1.0.3.jar:/home/john/Dropbox/workspace/swing-worker-1.1/swing-worker-1.1.jar:/home/john/Dropbox/workspace/worldwind-2.0.0/gdal.jar:/home/john/Dropbox/workspace/worldwind-2.0.0/gluegen-rt.jar:/home/john/Dropbox/workspace/worldwind-2.0.0/gluegen-rt-natives-linux-amd64.jar:/home/john/Dropbox/workspace/worldwind-2.0.0/gluegen-rt-natives-linux-i586.jar:/home/john/Dropbox/workspace/worldwind-2.0.0/gluegen-rt-natives-macosx-universal.jar:/home/john/Dropbox/workspace/worldwind-2.0.0/gluegen-rt-natives-windows-amd64.jar:/home/john/Dropbox/workspace/worldwind-2.0.0/gluegen-rt-natives-windows-i586.jar:/home/john/Dropbox/workspace/worldwind-2.0.0/jogl-all.jar:/home/john/Dropbox/workspace/worldwind-2.0.0/jogl-all-natives-linux-amd64.jar:/home/john/Dropbox/workspace/worldwind-2.0.0/jogl-all-natives-linux-i586.
Launcher Type: SUN_STANDARD

Environment Variables:
JAVA_HOME=/usr/local/java/jdk1.8.0_20
PATH=/usr/local/sbin:/usr/local/bin:/usr/sbin:/usr/bin:/sbin:/bin:/usr/games:/usr/local/games:/home/john/bin:/usr/local/java/jdk1.8.0_20/bin
SHELL=/bin/bash
DISPLAY=:0

Signal Handlers:
SIGSEGV: [libjvm.so+0xa79a80], sa_mask[0]=11111111011111111101111111111110, sa_flags=SA_RESTART|SA_SIGINFO
SIGBUS: [libjvm.so+0xa79a80], sa_mask[0]=11111111011111111101111111111110, sa_flags=SA_RESTART|SA_SIGINFO
SIGFPE: [libjvm.so+0x8e24e0], sa_mask[0]=11111111011111111101111111111110, sa_flags=SA_RESTART|SA_SIGINFO
SIGPIPE: [libjvm.so+0x8e24e0], sa_mask[0]=11111111011111111101111111111110, sa_flags=SA_RESTART|SA_SIGINFO
SIGXFSZ: [libjvm.so+0x8e24e0], sa_mask[0]=11111111011111111101111111111110, sa_flags=SA_RESTART|SA_SIGINFO
SIGILL: [libjvm.so+0x8e24e0], sa_mask[0]=11111111011111111101111111111110, sa_flags=SA_RESTART|SA_SIGINFO
SIGUSR1: SIG_DFL, sa_mask[0]=00000000000000000000000000000000, sa_flags=none
SIGUSR2: [libjvm.so+0x8e3d10], sa_mask[0]=00100000000000000000000000000000, sa_flags=SA_RESTART|SA_SIGINFO
SIGHUP: [libjvm.so+0x8e50d0], sa_mask[0]=11111111011111111101111111111110, sa_flags=SA_RESTART|SA_SIGINFO
SIGINT: [libjvm.so+0x8e50d0], sa_mask[0]=11111111011111111101111111111110, sa_flags=SA_RESTART|SA_SIGINFO
SIGTERM: [libjvm.so+0x8e50d0], sa_mask[0]=11111111011111111101111111111110, sa_flags=SA_RESTART|SA_SIGINFO
SIGQUIT: [libjvm.so+0x8e50d0], sa_mask[0]=11111111011111111101111111111110, sa_flags=SA_RESTART|SA_SIGINFO


---------------  S Y S T E M  ---------------

OS:DISTRIB_ID=Ubuntu
DISTRIB_RELEASE=14.04
DISTRIB_CODENAME=trusty
DISTRIB_DESCRIPTION="Ubuntu 14.04.1 LTS"

uname:Linux 3.13.0-39-generic #66-Ubuntu SMP Tue Oct 28 13:30:27 UTC 2014 x86_64
libc:glibc 2.19 NPTL 2.19 
rlimit: STACK 8192k, CORE 0k, NPROC 63608, NOFILE 4096, AS infinity
load average:0.00 0.03 0.05

/proc/meminfo:
MemTotal:        8173840 kB
MemFree:         1913316 kB
Buffers:         2225636 kB
Cached:          2687356 kB
SwapCached:            0 kB
Active:          1718068 kB
Inactive:        4244724 kB
Active(anon):    1050952 kB
Inactive(anon):     2376 kB
Active(file):     667116 kB
Inactive(file):  4242348 kB
Unevictable:          32 kB
Mlocked:              32 kB
SwapTotal:             0 kB
SwapFree:              0 kB
Dirty:               780 kB
Writeback:             0 kB
AnonPages:       1049516 kB
Mapped:            65212 kB
Shmem:              3696 kB
Slab:             194432 kB
SReclaimable:     133740 kB
SUnreclaim:        60692 kB
KernelStack:        3208 kB
PageTables:         9980 kB
NFS_Unstable:          0 kB
Bounce:                0 kB
WritebackTmp:          0 kB
CommitLimit:     4086920 kB
Committed_AS:    1989432 kB
VmallocTotal:   34359738367 kB
VmallocUsed:      105676 kB
VmallocChunk:   34359609812 kB
HardwareCorrupted:     0 kB
AnonHugePages:    626688 kB
HugePages_Total:       0
HugePages_Free:        0
HugePages_Rsvd:        0
HugePages_Surp:        0
Hugepagesize:       2048 kB
DirectMap4k:       80320 kB
DirectMap2M:     8306688 kB


CPU:total 4 (4 cores per cpu, 1 threads per core) family 6 model 30 stepping 5, cmov, cx8, fxsr, mmx, sse, sse2, sse3, ssse3, sse4.1, sse4.2, popcnt, tsc, tscinvbit

/proc/cpuinfo:
processor	: 0
vendor_id	: GenuineIntel
cpu family	: 6
model		: 30
model name	: Intel(R) Core(TM) i5 CPU         760  @ 2.80GHz
stepping	: 5
microcode	: 0x4
cpu MHz		: 1200.000
cache size	: 8192 KB
physical id	: 0
siblings	: 4
core id		: 0
cpu cores	: 4
apicid		: 0
initial apicid	: 0
fpu		: yes
fpu_exception	: yes
cpuid level	: 11
wp		: yes
flags		: fpu vme de pse tsc msr pae mce cx8 apic sep mtrr pge mca cmov pat pse36 clflush dts acpi mmx fxsr sse sse2 ss ht tm pbe syscall nx rdtscp lm constant_tsc arch_perfmon pebs bts rep_good nopl xtopology nonstop_tsc aperfmperf pni dtes64 monitor ds_cpl vmx smx est tm2 ssse3 cx16 xtpr pdcm sse4_1 sse4_2 popcnt lahf_lm ida dtherm tpr_shadow vnmi flexpriority ept vpid
bogomips	: 5617.47
clflush size	: 64
cache_alignment	: 64
address sizes	: 36 bits physical, 48 bits virtual
power management:

processor	: 1
vendor_id	: GenuineIntel
cpu family	: 6
model		: 30
model name	: Intel(R) Core(TM) i5 CPU         760  @ 2.80GHz
stepping	: 5
microcode	: 0x4
cpu MHz		: 2801.000
cache size	: 8192 KB
physical id	: 0
siblings	: 4
core id		: 1
cpu cores	: 4
apicid		: 2
initial apicid	: 2
fpu		: yes
fpu_exception	: yes
cpuid level	: 11
wp		: yes
flags		: fpu vme de pse tsc msr pae mce cx8 apic sep mtrr pge mca cmov pat pse36 clflush dts acpi mmx fxsr sse sse2 ss ht tm pbe syscall nx rdtscp lm constant_tsc arch_perfmon pebs bts rep_good nopl xtopology nonstop_tsc aperfmperf pni dtes64 monitor ds_cpl vmx smx est tm2 ssse3 cx16 xtpr pdcm sse4_1 sse4_2 popcnt lahf_lm ida dtherm tpr_shadow vnmi flexpriority ept vpid
bogomips	: 5617.47
clflush size	: 64
cache_alignment	: 64
address sizes	: 36 bits physical, 48 bits virtual
power management:

processor	: 2
vendor_id	: GenuineIntel
cpu family	: 6
model		: 30
model name	: Intel(R) Core(TM) i5 CPU         760  @ 2.80GHz
stepping	: 5
microcode	: 0x4
cpu MHz		: 2801.000
cache size	: 8192 KB
physical id	: 0
siblings	: 4
core id		: 2
cpu cores	: 4
apicid		: 4
initial apicid	: 4
fpu		: yes
fpu_exception	: yes
cpuid level	: 11
wp		: yes
flags		: fpu vme de pse tsc msr pae mce cx8 apic sep mtrr pge mca cmov pat pse36 clflush dts acpi mmx fxsr sse sse2 ss ht tm pbe syscall nx rdtscp lm constant_tsc arch_perfmon pebs bts rep_good nopl xtopology nonstop_tsc aperfmperf pni dtes64 monitor ds_cpl vmx smx est tm2 ssse3 cx16 xtpr pdcm sse4_1 sse4_2 popcnt lahf_lm ida dtherm tpr_shadow vnmi flexpriority ept vpid
bogomips	: 5617.47
clflush size	: 64
cache_alignment	: 64
address sizes	: 36 bits physical, 48 bits virtual
power management:

processor	: 3
vendor_id	: GenuineIntel
cpu family	: 6
model		: 30
model name	: Intel(R) Core(TM) i5 CPU         760  @ 2.80GHz
stepping	: 5
microcode	: 0x4
cpu MHz		: 2801.000
cache size	: 8192 KB
physical id	: 0
siblings	: 4
core id		: 3
cpu cores	: 4
apicid		: 6
initial apicid	: 6
fpu		: yes
fpu_exception	: yes
cpuid level	: 11
wp		: yes
flags		: fpu vme de pse tsc msr pae mce cx8 apic sep mtrr pge mca cmov pat pse36 clflush dts acpi mmx fxsr sse sse2 ss ht tm pbe syscall nx rdtscp lm constant_tsc arch_perfmon pebs bts rep_good nopl xtopology nonstop_tsc aperfmperf pni dtes64 monitor ds_cpl vmx smx est tm2 ssse3 cx16 xtpr pdcm sse4_1 sse4_2 popcnt lahf_lm ida dtherm tpr_shadow vnmi flexpriority ept vpid
bogomips	: 5617.47
clflush size	: 64
cache_alignment	: 64
address sizes	: 36 bits physical, 48 bits virtual
power management:



Memory: 4k page, physical 8173840k(1961140k free), swap 0k(0k free)

vm_info: Java HotSpot(TM) 64-Bit Server VM (25.25-b02) for linux-amd64 JRE (1.8.0_25-b17), built on Sep 17 2014 17:32:11 by "java_re" with gcc 4.3.0 20080428 (Red Hat 4.3.0-8)

time: Sat Nov 15 09:06:32 2014
elapsed time: 28565 seconds (0d 7h 56m 5s)

